SeyahatAjandasiMustafaOzkaya/app/build/intermediates/manifest_merge_blame_file/release/manifest-merger-blame-release-report.txt
1<?xml version="1.0" encoding="utf-8"?>
2<manifest xmlns:android="http://schemas.android.com/apk/res/android"
3    package="com.mustafa.seyahatajandasi"
4    android:versionCode="1"
5    android:versionName="1.0" >
6
7    <uses-sdk
8        android:minSdkVersion="23"
8-->src\main\AndroidManifest.xml
9        android:targetSdkVersion="30" />
9-->src\main\AndroidManifest.xml
10    <!--
11         The ACCESS_COARSE/FINE_LOCATION permissions are not required to use
12         Google Maps Android API v2, but you must specify either coarse or fine
13         location permissions for the "MyLocation" functionality.
14    -->
15    <uses-permission android:name="android.permission.ACCESS_FINE_LOCATION" />
15-->src\main\AndroidManifest.xml:9:5-79
15-->src\main\AndroidManifest.xml:9:22-76
16    <uses-permission android:name="android.permission.ACCESS_COARSE_LOCATION" />
16-->src\main\AndroidManifest.xml:10:5-81
16-->src\main\AndroidManifest.xml:10:22-78
17    <uses-permission android:name="android.permission.READ_EXTERNAL_STORAGE" />
17-->src\main\AndroidManifest.xml:11:5-80
17-->src\main\AndroidManifest.xml:11:22-77
18    <uses-permission android:name="android.permission.INTERNET" />
18-->src\main\AndroidManifest.xml:12:5-67
18-->src\main\AndroidManifest.xml:12:22-64
19
20    <!-- Include required permissions for Google Maps API to run. -->
21    <uses-permission android:name="android.permission.ACCESS_NETWORK_STATE" />
21-->[com.google.android.gms:play-services-maps:17.0.0] AndroidManifest.xml:23:5-79
21-->[com.google.android.gms:play-services-maps:17.0.0] AndroidManifest.xml:23:22-76
22
23    <uses-feature
23-->[com.google.android.gms:play-services-maps:17.0.0] AndroidManifest.xml:26:5-28:35
24        android:glEsVersion="0x00020000"
24-->[com.google.android.gms:play-services-maps:17.0.0] AndroidManifest.xml:27:9-41
25        android:required="true" />
25-->[com.google.android.gms:play-services-maps:17.0.0] AndroidManifest.xml:28:9-32
26
27    <application
27-->src\main\AndroidManifest.xml:14:5-64:19
28        android:allowBackup="true"
28-->src\main\AndroidManifest.xml:15:9-35
29        android:appComponentFactory="androidx.core.app.CoreComponentFactory"
29-->[androidx.core:core:1.3.1] AndroidManifest.xml:24:18-86
30        android:extractNativeLibs="false"
31        android:icon="@mipmap/ic_launcher"
31-->src\main\AndroidManifest.xml:16:9-43
32        android:label="@string/app_name"
32-->src\main\AndroidManifest.xml:17:9-41
33        android:roundIcon="@mipmap/ic_launcher_round"
33-->src\main\AndroidManifest.xml:18:9-54
34        android:supportsRtl="true"
34-->src\main\AndroidManifest.xml:19:9-35
35        android:theme="@style/Theme.Design.Light.NoActionBar" >
35-->src\main\AndroidManifest.xml:20:9-62
36        <activity
36-->src\main\AndroidManifest.xml:21:9-27:20
37            android:name="com.mustafa.seyahatajandasi.FullScreen"
37-->src\main\AndroidManifest.xml:21:19-45
38            android:screenOrientation="portrait" >
38-->src\main\AndroidManifest.xml:21:46-82
39            <intent-filter>
39-->src\main\AndroidManifest.xml:22:13-26:29
40                <action android:name="android.intent.action.MAIN" />
40-->src\main\AndroidManifest.xml:23:17-69
40-->src\main\AndroidManifest.xml:23:25-66
41
42                <category android:name="android.intent.category.LAUNCHER" />
42-->src\main\AndroidManifest.xml:25:17-77
42-->src\main\AndroidManifest.xml:25:27-74
43            </intent-filter>
44        </activity>
45        <activity
45-->src\main\AndroidManifest.xml:28:9-31:57
46            android:name="com.mustafa.seyahatajandasi.FullImageShow"
46-->src\main\AndroidManifest.xml:29:13-42
47            android:screenOrientation="portrait"
47-->src\main\AndroidManifest.xml:30:13-49
48            android:theme="@style/Theme.Design.Light" />
48-->src\main\AndroidManifest.xml:31:13-54
49        <!--
50             The API key for Google Maps-based APIs is defined as a string resource.
51             (See the file "res/values/google_maps_api.xml").
52             Note that the API key is linked to the encryption key used to sign the APK.
53             You need a different API key for each encryption key, including the release key that is used to
54             sign the APK for publishing.
55             You can define the keys for the debug and release targets in src/debug/ and src/release/.
56        -->
57        <meta-data
57-->src\main\AndroidManifest.xml:40:9-42:55
58            android:name="com.google.android.geo.API_KEY"
58-->src\main\AndroidManifest.xml:41:13-58
59            android:value="@string/google_maps_key" />
59-->src\main\AndroidManifest.xml:42:13-52
60        <meta-data
60-->src\main\AndroidManifest.xml:43:9-45:57
61            android:name="preloaded_fonts"
61-->src\main\AndroidManifest.xml:44:13-43
62            android:resource="@array/preloaded_fonts" />
62-->src\main\AndroidManifest.xml:45:13-54
63
64        <activity
64-->src\main\AndroidManifest.xml:47:9-50:69
65            android:name="com.mustafa.seyahatajandasi.MapAddImage"
65-->src\main\AndroidManifest.xml:48:13-40
66            android:screenOrientation="portrait"
66-->src\main\AndroidManifest.xml:49:13-49
67            android:theme="@style/Theme.Design.Light.NoActionBar" />
67-->src\main\AndroidManifest.xml:50:13-66
68        <activity
68-->src\main\AndroidManifest.xml:51:9-54:52
69            android:name="com.mustafa.seyahatajandasi.MapsActivity.Maps"
69-->src\main\AndroidManifest.xml:52:13-46
70            android:label="@string/title_activity_maps"
70-->src\main\AndroidManifest.xml:53:13-56
71            android:screenOrientation="portrait" />
71-->src\main\AndroidManifest.xml:54:13-49
72        <activity
72-->src\main\AndroidManifest.xml:55:9-58:69
73            android:name="com.mustafa.seyahatajandasi.Details"
73-->src\main\AndroidManifest.xml:56:13-36
74            android:screenOrientation="portrait"
74-->src\main\AndroidManifest.xml:57:13-49
75            android:theme="@style/Theme.Design.Light.NoActionBar" />
75-->src\main\AndroidManifest.xml:58:13-66
76        <activity
76-->src\main\AndroidManifest.xml:59:9-63:20
77            android:name="com.mustafa.seyahatajandasi.MainActivity"
77-->src\main\AndroidManifest.xml:60:13-41
78            android:screenOrientation="portrait"
78-->src\main\AndroidManifest.xml:61:13-49
79            android:theme="@style/Theme.Design.Light" >
79-->src\main\AndroidManifest.xml:62:13-54
80        </activity>
81        <!-- Needs to be explicitly declared on P+ -->
82        <uses-library
82-->[com.google.android.gms:play-services-maps:17.0.0] AndroidManifest.xml:33:9-35:40
83            android:name="org.apache.http.legacy"
83-->[com.google.android.gms:play-services-maps:17.0.0] AndroidManifest.xml:34:13-50
84            android:required="false" />
84-->[com.google.android.gms:play-services-maps:17.0.0] AndroidManifest.xml:35:13-37
85
86        <activity
86-->[com.google.android.gms:play-services-base:17.0.0] AndroidManifest.xml:23:9-26:75
87            android:name="com.google.android.gms.common.api.GoogleApiActivity"
87-->[com.google.android.gms:play-services-base:17.0.0] AndroidManifest.xml:24:13-79
88            android:exported="false"
88-->[com.google.android.gms:play-services-base:17.0.0] AndroidManifest.xml:25:13-37
89            android:theme="@android:style/Theme.Translucent.NoTitleBar" />
89-->[com.google.android.gms:play-services-base:17.0.0] AndroidManifest.xml:26:13-72
90
91        <meta-data
91-->[com.google.android.gms:play-services-basement:17.0.0] AndroidManifest.xml:23:9-25:69
92            android:name="com.google.android.gms.version"
92-->[com.google.android.gms:play-services-basement:17.0.0] AndroidManifest.xml:24:13-58
93            android:value="@integer/google_play_services_version" />
93-->[com.google.android.gms:play-services-basement:17.0.0] AndroidManifest.xml:25:13-66
94
95        <provider
95-->[androidx.lifecycle:lifecycle-process:2.2.0] AndroidManifest.xml:25:9-29:43
96            android:name="androidx.lifecycle.ProcessLifecycleOwnerInitializer"
96-->[androidx.lifecycle:lifecycle-process:2.2.0] AndroidManifest.xml:26:13-79
97            android:authorities="com.mustafa.seyahatajandasi.lifecycle-process"
97-->[androidx.lifecycle:lifecycle-process:2.2.0] AndroidManifest.xml:27:13-69
98            android:exported="false"
98-->[androidx.lifecycle:lifecycle-process:2.2.0] AndroidManifest.xml:28:13-37
99            android:multiprocess="true" />
99-->[androidx.lifecycle:lifecycle-process:2.2.0] AndroidManifest.xml:29:13-40
100    </application>
101
102</manifest>